# Logfile created on 2018-10-26 11:05:31 +0800 by logger.rb/61378
  INFO ---------------------------------------------------------------------------
  INFO START 2018-10-26 11:05:31 +0800 cap production deploy
  INFO ---------------------------------------------------------------------------
  INFO [e4ce62b2] Running /usr/bin/env mkdir -p /tmp as root@172.104.170.27
 DEBUG [e4ce62b2] Command: /usr/bin/env mkdir -p /tmp
  INFO ---------------------------------------------------------------------------
  INFO START 2018-10-26 12:11:09 +0800 cap production deploy
  INFO ---------------------------------------------------------------------------
  INFO [a9271f67] Running /usr/bin/env mkdir -p /tmp as root@172.104.170.27
 DEBUG [a9271f67] Command: /usr/bin/env mkdir -p /tmp
  INFO [def1e6fc] Finished in 0.542 seconds with exit status 0 (successful).
 DEBUG Uploading /tmp/git-ssh-capistrano_example-production-Dell.sh 0.0%
  INFO Uploading /tmp/git-ssh-capistrano_example-production-Dell.sh 100.0%
  INFO [0dfe1806] Running /usr/bin/env chmod 700 /tmp/git-ssh-capistrano_example-production-Dell.sh as root@172.104.170.27
 DEBUG [0dfe1806] Command: /usr/bin/env chmod 700 /tmp/git-ssh-capistrano_example-production-Dell.sh
  INFO [67679d43] Finished in 0.120 seconds with exit status 0 (successful).
  INFO [3a5d729e] Running /usr/bin/env git ls-remote git@github.com:inotsucker/capistrano-example.git HEAD as root@172.104.170.27
 DEBUG [3a5d729e] Command: ( export GIT_ASKPASS="/bin/echo" GIT_SSH="/tmp/git-ssh-capistrano_example-production-Dell.sh" ; /usr/bin/env git ls-remote git@github.com:inotsucker/capistrano-example.git HEAD )
 DEBUG [fd4bfb1a] 	Warning: Permanently added the RSA host key for IP address '192.30.253.112' to the list of known hosts.
 DEBUG [fd4bfb1a] 	Permission denied (publickey).
 DEBUG [fd4bfb1a] 	fatal: Could not read from remote repository.

Please make sure you have the correct access rights
and the repository exists.
  INFO ---------------------------------------------------------------------------
  INFO START 2018-10-26 12:23:52 +0800 cap production deploy
  INFO ---------------------------------------------------------------------------
  INFO [648ff37e] Running /usr/bin/env mkdir -p /tmp as root@172.104.170.27
 DEBUG [648ff37e] Command: /usr/bin/env mkdir -p /tmp
  INFO [fbbffb3b] Finished in 0.819 seconds with exit status 0 (successful).
 DEBUG Uploading /tmp/git-ssh-capistrano_example-production-Dell.sh 0.0%
  INFO Uploading /tmp/git-ssh-capistrano_example-production-Dell.sh 100.0%
  INFO [47178277] Running /usr/bin/env chmod 700 /tmp/git-ssh-capistrano_example-production-Dell.sh as root@172.104.170.27
 DEBUG [47178277] Command: /usr/bin/env chmod 700 /tmp/git-ssh-capistrano_example-production-Dell.sh
  INFO [bb35032e] Finished in 0.121 seconds with exit status 0 (successful).
  INFO [3d2290dc] Running /usr/bin/env git ls-remote git@github.com:inotsucker/capistrano-example.git HEAD as root@172.104.170.27
 DEBUG [3d2290dc] Command: ( export GIT_ASKPASS="/bin/echo" GIT_SSH="/tmp/git-ssh-capistrano_example-production-Dell.sh" ; /usr/bin/env git ls-remote git@github.com:inotsucker/capistrano-example.git HEAD )
 DEBUG [72d8aabb] 	Permission denied (publickey).
 DEBUG [72d8aabb] 	fatal: Could not read from remote repository.

Please make sure you have the correct access rights
and the repository exists.
  INFO ---------------------------------------------------------------------------
  INFO START 2018-10-26 12:29:08 +0800 cap production deploy
  INFO ---------------------------------------------------------------------------
  INFO [8a485265] Running /usr/bin/env mkdir -p /tmp as deploy@172.104.170.27
 DEBUG [8a485265] Command: /usr/bin/env mkdir -p /tmp
  INFO ---------------------------------------------------------------------------
  INFO START 2018-10-26 12:31:00 +0800 cap production deploy
  INFO ---------------------------------------------------------------------------
  INFO [359c5205] Running /usr/bin/env mkdir -p /tmp as deploy@172.104.170.27
 DEBUG [359c5205] Command: /usr/bin/env mkdir -p /tmp
  INFO ---------------------------------------------------------------------------
  INFO START 2018-10-26 12:32:17 +0800 cap production deploy
  INFO ---------------------------------------------------------------------------
  INFO [b2dba528] Running /usr/bin/env mkdir -p /tmp as deploy@172.104.170.27
 DEBUG [b2dba528] Command: /usr/bin/env mkdir -p /tmp
  INFO ---------------------------------------------------------------------------
  INFO START 2018-10-26 12:41:44 +0800 cap production deploy
  INFO ---------------------------------------------------------------------------
  INFO [2aa11d3f] Running /usr/bin/env mkdir -p /tmp as deploy@172.104.170.27
 DEBUG [2aa11d3f] Command: /usr/bin/env mkdir -p /tmp
  INFO ---------------------------------------------------------------------------
  INFO START 2018-10-26 15:35:47 +0800 cap production deploy
  INFO ---------------------------------------------------------------------------
  INFO [deab6ef8] Running /usr/bin/env mkdir -p /tmp as deploy@172.104.170.27
 DEBUG [deab6ef8] Command: /usr/bin/env mkdir -p /tmp
  INFO ---------------------------------------------------------------------------
  INFO START 2018-10-26 15:44:15 +0800 cap production deploy
  INFO ---------------------------------------------------------------------------
  INFO [a7326aa1] Running /usr/bin/env mkdir -p /tmp as deploy@172.104.170.27
 DEBUG [a7326aa1] Command: /usr/bin/env mkdir -p /tmp
  INFO ---------------------------------------------------------------------------
  INFO START 2018-10-26 15:50:36 +0800 cap production deploy
  INFO ---------------------------------------------------------------------------
  INFO [d14a4dda] Running /usr/bin/env mkdir -p /tmp as deploy@172.104.170.27
 DEBUG [d14a4dda] Command: /usr/bin/env mkdir -p /tmp
  INFO ---------------------------------------------------------------------------
  INFO START 2018-10-26 17:01:20 +0800 cap production deploy
  INFO ---------------------------------------------------------------------------
  INFO [6de25c07] Running /usr/bin/env mkdir -p /tmp as deploy@172.104.170.27
 DEBUG [6de25c07] Command: /usr/bin/env mkdir -p /tmp
  INFO ---------------------------------------------------------------------------
  INFO START 2018-10-26 17:06:28 +0800 cap production deploy
  INFO ---------------------------------------------------------------------------
  INFO [d3bb7278] Running /usr/bin/env mkdir -p /tmp as deploy@172.104.170.27
 DEBUG [d3bb7278] Command: /usr/bin/env mkdir -p /tmp
  INFO ---------------------------------------------------------------------------
  INFO START 2018-10-26 17:06:49 +0800 cap production deploy
  INFO ---------------------------------------------------------------------------
  INFO [9711b5bb] Running /usr/bin/env mkdir -p /tmp as deploy@172.104.170.27
 DEBUG [9711b5bb] Command: /usr/bin/env mkdir -p /tmp
